14:07:34.191 [main] INFO  - Goto my account-->Click on Login.. 
14:07:34.883 [main] INFO  - Entering email and password.. 
14:07:35.559 [main] INFO  - clicked on login button...
15:21:51.876 [main] INFO  - Goto my account-->Click on Login.. 
15:21:53.135 [main] INFO  - Entering email and password.. 
15:21:54.620 [main] INFO  - clicked on login button...
15:32:55.009 [main] INFO  - Goto my account-->Click on Login.. 
15:32:55.760 [main] INFO  - Entering email and password.. 
15:32:56.517 [main] INFO  - clicked on login button...
15:44:58.490 [main] INFO  - Goto my account-->Click on Login.. 
15:44:59.375 [main] INFO  - Entering email and password.. 
15:45:00.720 [main] INFO  - clicked on login button...
11:24:02.941 [pool-3-thread-1] INFO  - Goto my account-->Click on Login.. 
11:24:03.761 [pool-3-thread-1] INFO  - Entering email and password.. 
11:24:06.101 [pool-3-thread-1] INFO  - clicked on login button...
11:25:07.956 [main] INFO  - Goto my account-->Click on Login.. 
11:25:08.604 [main] INFO  - Entering email and password.. 
11:25:09.732 [main] INFO  - clicked on login button...
11:27:34.728 [main] INFO  - Goto my account-->Click on Login.. 
11:27:35.361 [main] INFO  - Entering email and password.. 
11:27:36.283 [main] INFO  - clicked on login button...
11:28:39.062 [pool-3-thread-1] INFO  - Goto my account-->Click on Login.. 
11:28:39.709 [pool-3-thread-1] INFO  - Entering email and password.. 
11:28:41.527 [pool-3-thread-1] INFO  - clicked on login button...
11:30:58.762 [main] INFO  - Goto my account-->Click on Login.. 
11:30:59.506 [main] INFO  - Entering email and password.. 
11:31:00.817 [main] INFO  - clicked on login button...
11:32:42.541 [main] INFO  - Goto my account-->Click on Login.. 
11:32:46.118 [main] INFO  - Entering email and password.. 
11:32:47.244 [main] INFO  - clicked on login button...
11:34:08.134 [main] INFO  - Goto my account-->Click on Login.. 
11:34:08.801 [main] INFO  - Entering email and password.. 
11:34:10.471 [main] INFO  - clicked on login button...
11:45:34.561 [main] INFO  - Goto my account-->Click on Login.. 
11:45:35.241 [main] INFO  - Entering email and password.. 
11:45:36.544 [main] INFO  - clicked on login button...
11:48:32.063 [main] INFO  - Goto my account-->Click on Login.. 
11:48:32.749 [main] INFO  - Entering email and password.. 
11:48:34.206 [main] INFO  - clicked on login button...
12:19:09.362 [main] INFO  - Goto my account-->Click on Login.. 
12:19:10.371 [main] INFO  - Entering email and password.. 
12:19:11.738 [main] INFO  - clicked on login button...
12:24:14.670 [main] INFO  - Goto my account-->Click on Login.. 
12:24:15.551 [main] INFO  - Entering email and password.. 
12:24:16.857 [main] INFO  - clicked on login button...
12:25:59.705 [main] INFO  - Goto my account-->Click on Login.. 
12:26:00.443 [main] INFO  - Entering email and password.. 
12:26:01.724 [main] INFO  - clicked on login button...
12:40:21.946 [main] INFO  - Goto my account-->Click on Login.. 
12:40:22.616 [main] INFO  - Entering email and password.. 
12:40:24.212 [main] INFO  - clicked on login button...
12:48:13.135 [main] INFO  - Goto my account-->Click on Login.. 
12:48:14.187 [main] INFO  - Entering email and password.. 
12:48:15.338 [main] INFO  - clicked on login button...
07:20:02.541 [main] INFO  - Goto my account-->Click on Login.. 
07:20:03.687 [main] INFO  - Entering email and password.. 
07:20:04.885 [main] INFO  - clicked on login button...
07:26:07.255 [main] INFO  - Goto my account-->Click on Login.. 
07:26:08.073 [main] INFO  - Entering email and password.. 
07:26:08.937 [main] INFO  - clicked on login button...
07:27:45.855 [main] INFO  - Goto my account-->Click on Login.. 
07:27:46.685 [main] INFO  - Entering email and password.. 
07:27:47.506 [main] INFO  - clicked on login button...
07:42:18.774 [main] INFO  - Goto my account-->Click on Login.. 
07:42:19.621 [main] INFO  - Entering email and password.. 
07:42:20.495 [main] INFO  - clicked on login button...
07:44:30.850 [main] INFO  - Goto my account-->Click on Login.. 
07:44:31.695 [main] INFO  - Entering email and password.. 
07:44:32.578 [main] INFO  - clicked on login button...
07:46:04.249 [main] INFO  - Goto my account-->Click on Login.. 
07:46:05.043 [main] INFO  - Entering email and password.. 
07:46:05.916 [main] INFO  - clicked on login button...
07:52:55.919 [main] INFO  - Goto my account-->Click on Login.. 
07:52:56.718 [main] INFO  - Entering email and password.. 
07:52:57.593 [main] INFO  - clicked on login button...
12:55:45.459 [main] INFO  - Goto my account-->Click on Login.. 
12:55:46.101 [main] INFO  - Entering email and password.. 
12:55:47.284 [main] INFO  - clicked on login button...
12:56:02.975 [main] INFO  - Goto my account-->Click on Login.. 
12:56:04.222 [main] INFO  - Entering email and password.. 
12:56:05.743 [main] INFO  - clicked on login button...
12:56:10.766 [main] INFO  - Goto my account-->Click on Login.. 
12:56:11.980 [main] INFO  - Entering email and password.. 
12:56:13.605 [main] INFO  - clicked on login button...
13:01:59.037 [main] INFO  - Goto my account-->Click on Login.. 
13:01:59.861 [main] INFO  - Entering email and password.. 
13:02:01.052 [main] INFO  - clicked on login button...
13:02:17.020 [main] INFO  - Goto my account-->Click on Login.. 
13:02:18.216 [main] INFO  - Entering email and password.. 
13:02:19.257 [main] INFO  - clicked on login button...
13:02:23.814 [main] INFO  - Goto my account-->Click on Login.. 
13:02:25.123 [main] INFO  - Entering email and password.. 
13:02:26.644 [main] INFO  - clicked on login button...
13:04:26.091 [main] INFO  - Goto my account-->Click on Login.. 
13:04:26.786 [main] INFO  - Entering email and password.. 
13:04:27.872 [main] INFO  - clicked on login button...
13:04:38.042 [main] INFO  - Goto my account-->Click on Login.. 
13:04:39.437 [main] INFO  - Entering email and password.. 
13:04:40.523 [main] INFO  - clicked on login button...
13:04:45.360 [main] INFO  - Goto my account-->Click on Login.. 
13:04:46.510 [main] INFO  - Entering email and password.. 
13:04:48.157 [main] INFO  - clicked on login button...
13:04:58.041 [main] INFO  - Goto my account-->Click on Login.. 
13:04:58.758 [main] INFO  - Entering email and password.. 
13:05:01.399 [main] INFO  - clicked on login button...
13:05:07.501 [main] INFO  - Goto my account-->Click on Login.. 
13:05:09.067 [main] INFO  - Entering email and password.. 
13:05:11.017 [main] INFO  - clicked on login button...
13:05:15.355 [main] INFO  - Goto my account-->Click on Login.. 
13:05:16.518 [main] INFO  - Entering email and password.. 
13:05:17.484 [main] INFO  - clicked on login button...
13:06:47.278 [main] INFO  - Goto my account-->Click on Login.. 
13:06:47.951 [main] INFO  - Entering email and password.. 
13:06:49.059 [main] INFO  - clicked on login button...
13:08:42.894 [main] INFO  - Goto my account-->Click on Login.. 
13:08:43.725 [main] INFO  - Entering email and password.. 
13:08:45.009 [main] INFO  - clicked on login button...
13:08:49.682 [main] INFO  - Goto my account-->Click on Login.. 
13:08:50.753 [main] INFO  - Entering email and password.. 
13:08:51.913 [main] INFO  - clicked on login button...
13:08:57.247 [main] INFO  - Goto my account-->Click on Login.. 
13:08:58.303 [main] INFO  - Entering email and password.. 
13:08:59.729 [main] INFO  - clicked on login button...
13:50:57.558 [main] INFO  - Goto my account-->Click on Login.. 
13:50:58.059 [main] INFO  - Entering email and password.. 
13:50:59.061 [main] INFO  - clicked on login button...
13:51:03.807 [main] INFO  - Goto my account-->Click on Login.. 
13:51:04.482 [main] INFO  - Entering email and password.. 
13:51:05.564 [main] INFO  - clicked on login button...
13:51:09.318 [main] INFO  - Goto my account-->Click on Login.. 
13:51:09.983 [main] INFO  - Entering email and password.. 
13:51:11.050 [main] INFO  - clicked on login button...
13:53:29.313 [main] INFO  - Goto my account-->Click on Login.. 
13:53:29.737 [main] INFO  - Entering email and password.. 
13:53:30.626 [main] INFO  - clicked on login button...
13:53:34.270 [main] INFO  - Goto my account-->Click on Login.. 
13:53:35.154 [main] INFO  - Entering email and password.. 
13:53:36.130 [main] INFO  - clicked on login button...
13:53:39.845 [main] INFO  - Goto my account-->Click on Login.. 
13:53:40.316 [main] INFO  - Entering email and password.. 
13:53:41.243 [main] INFO  - clicked on login button...
13:53:44.765 [main] INFO  - Goto my account-->Click on Login.. 
13:53:45.435 [main] DEBUG - Parsing relationship: /xl/_rels/workbook.xml.rels
13:53:45.439 [main] DEBUG - Parsing relationship: /xl/worksheets/_rels/sheet1.xml.rels
13:53:45.440 [main] DEBUG - Parsing relationship: /_rels/.rels
13:53:45.630 [main] TRACE - Loading type system org.apache.poi.schemas.ooxml.system.ooxml
13:53:45.630 [main] TRACE - Loading type system org.apache.xmlbeans.metadata.system.sXMLCONFIG
13:53:45.630 [main] TRACE - Loading type system org.apache.xmlbeans.metadata.system.sXMLLANG
13:53:45.630 [main] TRACE - Loading type system org.apache.xmlbeans.metadata.system.sXMLSCHEMA
13:53:45.630 [main] TRACE - Loading type system org.apache.xmlbeans.metadata.system.sXMLTOOLS
13:53:45.646 [main] TRACE - Reading unresolved handles for type system org.apache.xmlbeans.metadata.system.sXMLTOOLS
13:53:45.659 [main] TRACE - Finished loading type system org.apache.xmlbeans.metadata.system.sXMLTOOLS
13:53:45.659 [main] TRACE - Reading unresolved handles for type system org.apache.xmlbeans.metadata.system.sXMLSCHEMA
13:53:45.662 [main] TRACE - Finished loading type system org.apache.xmlbeans.metadata.system.sXMLSCHEMA
13:53:45.662 [main] TRACE - Reading unresolved handles for type system org.apache.xmlbeans.metadata.system.sXMLLANG
13:53:45.666 [main] TRACE - Finished loading type system org.apache.xmlbeans.metadata.system.sXMLLANG
13:53:45.666 [main] TRACE - Reading unresolved handles for type system org.apache.xmlbeans.metadata.system.sXMLCONFIG
13:53:45.666 [main] TRACE - Finished loading type system org.apache.xmlbeans.metadata.system.sXMLCONFIG
13:53:45.666 [main] TRACE - Reading unresolved handles for type system org.apache.poi.schemas.ooxml.system.ooxml
13:53:45.710 [main] TRACE - Finished loading type system org.apache.poi.schemas.ooxml.system.ooxml
13:53:45.710 [main] TRACE - Resolving type for handle themefd26doctype
13:53:45.782 [main] TRACE - Resolving type for handle stylesheet5d8bdoctype
13:53:45.782 [main] TRACE - Resolving type for handle ctstylesheet4257type
13:53:45.793 [main] TRACE - Resolving type for handle ctfonts6623type
13:53:45.795 [main] TRACE - Resolving type for handle ctfont14d8type
13:53:45.800 [main] TRACE - Resolving type for handle ctfills2c6ftype
13:53:45.807 [main] TRACE - Resolving type for handle ctfill550ctype
13:53:45.810 [main] TRACE - Resolving type for handle ctborders0d66type
13:53:45.810 [main] TRACE - Resolving type for handle ctborderf935type
13:53:45.810 [main] TRACE - Resolving type for handle ctcellxfs1322type
13:53:45.821 [main] TRACE - Resolving type for handle ctxf97f7type
13:53:45.826 [main] TRACE - Resolving type for handle ctcellstylexfsa81ftype
13:53:45.826 [main] TRACE - Resolving type for handle ctdxfsb26atype
13:53:45.826 [main] TRACE - Resolving type for handle cttablestyles872ftype
13:53:45.837 [main] TRACE - Resolving type for handle sstf81fdoctype
13:53:45.841 [main] TRACE - Resolving type for handle ctsst44f3type
13:53:45.854 [main] TRACE - Resolving type for handle ctrsta472type
13:53:45.868 [main] DEBUG - using default POIXMLDocumentPart for http://schemas.openxmlformats.org/officeDocument/2006/relationships/printerSettings
13:53:45.868 [main] TRACE - Resolving type for handle workbookec17doctype
13:53:45.882 [main] TRACE - Resolving type for handle ctworkbook83c3type
13:53:45.883 [main] TRACE - Resolving type for handle ctsheets49fdtype
13:53:45.887 [main] TRACE - Resolving type for handle ctsheet4dbetype
13:53:45.889 [main] TRACE - Resolving type for handle strelationshipid1e94type
13:53:45.889 [main] TRACE - Resolving type for handle worksheetf539doctype
13:53:45.901 [main] TRACE - Resolving type for handle ctworksheet530dtype
13:53:45.901 [main] TRACE - Resolving type for handle ctsheetdata8408type
13:53:45.901 [main] TRACE - Resolving type for handle ctrowdd39type
13:53:45.915 [main] TRACE - Resolving type for handle ctcell842btype
13:53:45.923 [main] TRACE - Resolving type for handle stcellrefe4e0type
13:53:45.927 [main] TRACE - Resolving type for handle ctcols627ctype
13:53:45.931 [main] TRACE - Resolving type for handle ctcola95ftype
13:53:45.947 [main] TRACE - Resolving type for handle cthyperlinks6416type
13:53:45.947 [main] TRACE - Resolving type for handle cthyperlink0c85type
13:53:45.961 [main] TRACE - Resolving type for handle stxstringf179type
13:53:45.966 [main] TRACE - Resolving type for handle stcelltypebf95type
13:54:01.102 [main] INFO  - Goto my account-->Click on Login.. 
13:54:01.638 [main] DEBUG - Parsing relationship: /xl/_rels/workbook.xml.rels
13:54:01.639 [main] DEBUG - Parsing relationship: /xl/worksheets/_rels/sheet1.xml.rels
13:54:01.640 [main] DEBUG - Parsing relationship: /_rels/.rels
13:54:01.656 [main] DEBUG - using default POIXMLDocumentPart for http://schemas.openxmlformats.org/officeDocument/2006/relationships/printerSettings
13:54:06.351 [main] INFO  - Goto my account-->Click on Login.. 
13:54:06.931 [main] DEBUG - Parsing relationship: /xl/_rels/workbook.xml.rels
13:54:06.933 [main] DEBUG - Parsing relationship: /xl/worksheets/_rels/sheet1.xml.rels
13:54:06.934 [main] DEBUG - Parsing relationship: /_rels/.rels
13:54:06.947 [main] DEBUG - using default POIXMLDocumentPart for http://schemas.openxmlformats.org/officeDocument/2006/relationships/printerSettings
